G75*
%MOIN*%
%OFA0B0*%
%FSLAX24Y24*%
%IPPOS*%
%LPD*%
%AMOC8*
5,1,8,0,0,1.08239X$1,22.5*
%
%ADD10C,0.0000*%
D10*
X008903Y006573D02*
X008903Y007333D01*
X008903Y006573D02*
X011033Y007803D01*
X011033Y009593D01*
X019118Y019203D01*
X033713Y019203D01*
X033713Y019197D02*
X041793Y009593D01*
X041793Y007803D01*
X043923Y006573D01*
X043923Y007333D01*
X043849Y007335D01*
X043775Y007341D01*
X043702Y007350D01*
X043629Y007364D01*
X043557Y007382D01*
X043486Y007403D01*
X043416Y007429D01*
X043348Y007458D01*
X043281Y007490D01*
X043216Y007526D01*
X043153Y007566D01*
X043093Y007609D01*
X043034Y007655D01*
X042979Y007704D01*
X042926Y007756D01*
X042876Y007811D01*
X042829Y007868D01*
X042785Y007928D01*
X042744Y007990D01*
X042707Y008054D01*
X042673Y008120D01*
X042643Y008188D01*
X042616Y008257D01*
X042594Y008328D01*
X042575Y008400D01*
X042560Y008472D01*
X042549Y008546D01*
X042541Y008620D01*
X042538Y008694D01*
X042539Y008768D01*
X042544Y008842D01*
X042553Y008916D01*
X042565Y008989D01*
X042582Y009061D01*
X042602Y009133D01*
X042626Y009203D01*
X042654Y009271D01*
X042686Y009339D01*
X042721Y009404D01*
X042760Y009467D01*
X042802Y009529D01*
X042847Y009587D01*
X042895Y009644D01*
X042947Y009697D01*
X043001Y009748D01*
X043057Y009796D01*
X043117Y009841D01*
X043178Y009883D01*
X043242Y009921D01*
X043307Y009955D01*
X043375Y009987D01*
X043444Y010014D01*
X043514Y010038D01*
X043586Y010058D01*
X043658Y010074D01*
X043731Y010086D01*
X043805Y010094D01*
X043879Y010098D01*
X043953Y010099D01*
X044027Y010095D01*
X044101Y010087D01*
X044175Y010076D01*
X044247Y010060D01*
X044319Y010041D01*
X044389Y010017D01*
X044458Y009990D01*
X044526Y009960D01*
X044592Y009925D01*
X044656Y009888D01*
X044718Y009847D01*
X044777Y009802D01*
X044834Y009755D01*
X044888Y009704D01*
X044940Y009651D01*
X044989Y009595D01*
X045034Y009536D01*
X045077Y009475D01*
X045116Y009412D01*
X045152Y009347D01*
X045184Y009280D01*
X045212Y009212D01*
X045237Y009142D01*
X045258Y009071D01*
X045275Y008998D01*
X045288Y008925D01*
X045297Y008852D01*
X045303Y008778D01*
X045304Y008703D01*
X045303Y008703D02*
X046063Y008703D01*
X044833Y010843D01*
X043283Y010843D01*
X035213Y020703D01*
X035213Y031773D01*
X043283Y041633D01*
X044833Y041633D01*
X046063Y043773D01*
X045303Y043773D01*
X045304Y043774D02*
X045303Y043699D01*
X045297Y043625D01*
X045288Y043552D01*
X045275Y043479D01*
X045258Y043406D01*
X045237Y043335D01*
X045212Y043265D01*
X045184Y043197D01*
X045152Y043130D01*
X045116Y043065D01*
X045077Y043002D01*
X045034Y042941D01*
X044989Y042882D01*
X044940Y042826D01*
X044888Y042773D01*
X044834Y042722D01*
X044777Y042675D01*
X044718Y042630D01*
X044656Y042589D01*
X044592Y042552D01*
X044526Y042517D01*
X044458Y042487D01*
X044389Y042460D01*
X044319Y042436D01*
X044247Y042417D01*
X044175Y042401D01*
X044101Y042390D01*
X044027Y042382D01*
X043953Y042378D01*
X043879Y042379D01*
X043805Y042383D01*
X043731Y042391D01*
X043658Y042403D01*
X043586Y042419D01*
X043514Y042439D01*
X043444Y042463D01*
X043375Y042490D01*
X043307Y042522D01*
X043242Y042556D01*
X043178Y042594D01*
X043117Y042636D01*
X043057Y042681D01*
X043001Y042729D01*
X042947Y042780D01*
X042895Y042833D01*
X042847Y042890D01*
X042802Y042948D01*
X042760Y043010D01*
X042721Y043073D01*
X042686Y043138D01*
X042654Y043206D01*
X042626Y043274D01*
X042602Y043344D01*
X042582Y043416D01*
X042565Y043488D01*
X042553Y043561D01*
X042544Y043635D01*
X042539Y043709D01*
X042538Y043783D01*
X042541Y043857D01*
X042549Y043931D01*
X042560Y044005D01*
X042575Y044077D01*
X042594Y044149D01*
X042616Y044220D01*
X042643Y044289D01*
X042673Y044357D01*
X042707Y044423D01*
X042744Y044487D01*
X042785Y044549D01*
X042829Y044609D01*
X042876Y044666D01*
X042926Y044721D01*
X042979Y044773D01*
X043034Y044822D01*
X043093Y044868D01*
X043153Y044911D01*
X043216Y044951D01*
X043281Y044987D01*
X043348Y045019D01*
X043416Y045048D01*
X043486Y045074D01*
X043557Y045095D01*
X043629Y045113D01*
X043702Y045127D01*
X043775Y045136D01*
X043849Y045142D01*
X043923Y045144D01*
X043923Y045143D02*
X043923Y045903D01*
X041793Y044673D01*
X041793Y042883D01*
X033713Y033279D01*
X019123Y033279D01*
X011033Y042893D01*
X011033Y044683D01*
X008903Y045913D01*
X008903Y045153D01*
X008904Y045154D02*
X008978Y045152D01*
X009052Y045146D01*
X009125Y045137D01*
X009198Y045123D01*
X009270Y045105D01*
X009341Y045084D01*
X009411Y045058D01*
X009479Y045029D01*
X009546Y044997D01*
X009611Y044961D01*
X009674Y044921D01*
X009734Y044878D01*
X009793Y044832D01*
X009848Y044783D01*
X009901Y044731D01*
X009951Y044676D01*
X009998Y044619D01*
X010042Y044559D01*
X010083Y044497D01*
X010120Y044433D01*
X010154Y044367D01*
X010184Y044299D01*
X010211Y044230D01*
X010233Y044159D01*
X010252Y044087D01*
X010267Y044015D01*
X010278Y043941D01*
X010286Y043867D01*
X010289Y043793D01*
X010288Y043719D01*
X010283Y043645D01*
X010274Y043571D01*
X010262Y043498D01*
X010245Y043426D01*
X010225Y043354D01*
X010201Y043284D01*
X010173Y043216D01*
X010141Y043148D01*
X010106Y043083D01*
X010067Y043020D01*
X010025Y042958D01*
X009980Y042900D01*
X009932Y042843D01*
X009880Y042790D01*
X009826Y042739D01*
X009770Y042691D01*
X009710Y042646D01*
X009649Y042604D01*
X009585Y042566D01*
X009520Y042532D01*
X009452Y042500D01*
X009383Y042473D01*
X009313Y042449D01*
X009241Y042429D01*
X009169Y042413D01*
X009096Y042401D01*
X009022Y042393D01*
X008948Y042389D01*
X008874Y042388D01*
X008800Y042392D01*
X008726Y042400D01*
X008652Y042411D01*
X008580Y042427D01*
X008508Y042446D01*
X008438Y042470D01*
X008369Y042497D01*
X008301Y042527D01*
X008235Y042562D01*
X008171Y042599D01*
X008109Y042640D01*
X008050Y042685D01*
X007993Y042732D01*
X007939Y042783D01*
X007887Y042836D01*
X007838Y042892D01*
X007793Y042951D01*
X007750Y043012D01*
X007711Y043075D01*
X007675Y043140D01*
X007643Y043207D01*
X007615Y043275D01*
X007590Y043345D01*
X007569Y043416D01*
X007552Y043489D01*
X007539Y043562D01*
X007530Y043635D01*
X007524Y043709D01*
X007523Y043784D01*
X007523Y043783D02*
X006763Y043783D01*
X007993Y041643D01*
X009543Y041643D01*
X017613Y031783D01*
X017613Y020703D01*
X009543Y010843D01*
X007993Y010843D01*
X006763Y008703D01*
X007523Y008703D01*
X007524Y008778D01*
X007530Y008852D01*
X007539Y008925D01*
X007552Y008998D01*
X007569Y009071D01*
X007590Y009142D01*
X007615Y009212D01*
X007643Y009280D01*
X007675Y009347D01*
X007711Y009412D01*
X007750Y009475D01*
X007793Y009536D01*
X007838Y009595D01*
X007887Y009651D01*
X007939Y009704D01*
X007993Y009755D01*
X008050Y009802D01*
X008109Y009847D01*
X008171Y009888D01*
X008235Y009925D01*
X008301Y009960D01*
X008369Y009990D01*
X008438Y010017D01*
X008508Y010041D01*
X008580Y010060D01*
X008652Y010076D01*
X008726Y010087D01*
X008800Y010095D01*
X008874Y010099D01*
X008948Y010098D01*
X009022Y010094D01*
X009096Y010086D01*
X009169Y010074D01*
X009241Y010058D01*
X009313Y010038D01*
X009383Y010014D01*
X009452Y009987D01*
X009520Y009955D01*
X009585Y009921D01*
X009649Y009883D01*
X009710Y009841D01*
X009770Y009796D01*
X009826Y009748D01*
X009880Y009697D01*
X009932Y009644D01*
X009980Y009587D01*
X010025Y009529D01*
X010067Y009467D01*
X010106Y009404D01*
X010141Y009339D01*
X010173Y009271D01*
X010201Y009203D01*
X010225Y009133D01*
X010245Y009061D01*
X010262Y008989D01*
X010274Y008916D01*
X010283Y008842D01*
X010288Y008768D01*
X010289Y008694D01*
X010286Y008620D01*
X010278Y008546D01*
X010267Y008472D01*
X010252Y008400D01*
X010233Y008328D01*
X010211Y008257D01*
X010184Y008188D01*
X010154Y008120D01*
X010120Y008054D01*
X010083Y007990D01*
X010042Y007928D01*
X009998Y007868D01*
X009951Y007811D01*
X009901Y007756D01*
X009848Y007704D01*
X009793Y007655D01*
X009734Y007609D01*
X009674Y007566D01*
X009611Y007526D01*
X009546Y007490D01*
X009479Y007458D01*
X009411Y007429D01*
X009341Y007403D01*
X009270Y007382D01*
X009198Y007364D01*
X009125Y007350D01*
X009052Y007341D01*
X008978Y007335D01*
X008904Y007333D01*
X011479Y012183D02*
X011481Y012222D01*
X011487Y012261D01*
X011497Y012299D01*
X011510Y012336D01*
X011527Y012371D01*
X011547Y012405D01*
X011571Y012436D01*
X011598Y012465D01*
X011627Y012491D01*
X011659Y012514D01*
X011693Y012534D01*
X011729Y012550D01*
X011766Y012562D01*
X011805Y012571D01*
X011844Y012576D01*
X011883Y012577D01*
X011922Y012574D01*
X011961Y012567D01*
X011998Y012556D01*
X012035Y012542D01*
X012070Y012524D01*
X012103Y012503D01*
X012134Y012478D01*
X012162Y012451D01*
X012187Y012421D01*
X012209Y012388D01*
X012228Y012354D01*
X012243Y012318D01*
X012255Y012280D01*
X012263Y012242D01*
X012267Y012203D01*
X012267Y012163D01*
X012263Y012124D01*
X012255Y012086D01*
X012243Y012048D01*
X012228Y012012D01*
X012209Y011978D01*
X012187Y011945D01*
X012162Y011915D01*
X012134Y011888D01*
X012103Y011863D01*
X012070Y011842D01*
X012035Y011824D01*
X011998Y011810D01*
X011961Y011799D01*
X011922Y011792D01*
X011883Y011789D01*
X011844Y011790D01*
X011805Y011795D01*
X011766Y011804D01*
X011729Y011816D01*
X011693Y011832D01*
X011659Y011852D01*
X011627Y011875D01*
X011598Y011901D01*
X011571Y011930D01*
X011547Y011961D01*
X011527Y011995D01*
X011510Y012030D01*
X011497Y012067D01*
X011487Y012105D01*
X011481Y012144D01*
X011479Y012183D01*
X013769Y014963D02*
X013771Y015002D01*
X013777Y015041D01*
X013787Y015079D01*
X013800Y015116D01*
X013817Y015151D01*
X013837Y015185D01*
X013861Y015216D01*
X013888Y015245D01*
X013917Y015271D01*
X013949Y015294D01*
X013983Y015314D01*
X014019Y015330D01*
X014056Y015342D01*
X014095Y015351D01*
X014134Y015356D01*
X014173Y015357D01*
X014212Y015354D01*
X014251Y015347D01*
X014288Y015336D01*
X014325Y015322D01*
X014360Y015304D01*
X014393Y015283D01*
X014424Y015258D01*
X014452Y015231D01*
X014477Y015201D01*
X014499Y015168D01*
X014518Y015134D01*
X014533Y015098D01*
X014545Y015060D01*
X014553Y015022D01*
X014557Y014983D01*
X014557Y014943D01*
X014553Y014904D01*
X014545Y014866D01*
X014533Y014828D01*
X014518Y014792D01*
X014499Y014758D01*
X014477Y014725D01*
X014452Y014695D01*
X014424Y014668D01*
X014393Y014643D01*
X014360Y014622D01*
X014325Y014604D01*
X014288Y014590D01*
X014251Y014579D01*
X014212Y014572D01*
X014173Y014569D01*
X014134Y014570D01*
X014095Y014575D01*
X014056Y014584D01*
X014019Y014596D01*
X013983Y014612D01*
X013949Y014632D01*
X013917Y014655D01*
X013888Y014681D01*
X013861Y014710D01*
X013837Y014741D01*
X013817Y014775D01*
X013800Y014810D01*
X013787Y014847D01*
X013777Y014885D01*
X013771Y014924D01*
X013769Y014963D01*
X016369Y017993D02*
X016371Y018032D01*
X016377Y018071D01*
X016387Y018109D01*
X016400Y018146D01*
X016417Y018181D01*
X016437Y018215D01*
X016461Y018246D01*
X016488Y018275D01*
X016517Y018301D01*
X016549Y018324D01*
X016583Y018344D01*
X016619Y018360D01*
X016656Y018372D01*
X016695Y018381D01*
X016734Y018386D01*
X016773Y018387D01*
X016812Y018384D01*
X016851Y018377D01*
X016888Y018366D01*
X016925Y018352D01*
X016960Y018334D01*
X016993Y018313D01*
X017024Y018288D01*
X017052Y018261D01*
X017077Y018231D01*
X017099Y018198D01*
X017118Y018164D01*
X017133Y018128D01*
X017145Y018090D01*
X017153Y018052D01*
X017157Y018013D01*
X017157Y017973D01*
X017153Y017934D01*
X017145Y017896D01*
X017133Y017858D01*
X017118Y017822D01*
X017099Y017788D01*
X017077Y017755D01*
X017052Y017725D01*
X017024Y017698D01*
X016993Y017673D01*
X016960Y017652D01*
X016925Y017634D01*
X016888Y017620D01*
X016851Y017609D01*
X016812Y017602D01*
X016773Y017599D01*
X016734Y017600D01*
X016695Y017605D01*
X016656Y017614D01*
X016619Y017626D01*
X016583Y017642D01*
X016549Y017662D01*
X016517Y017685D01*
X016488Y017711D01*
X016461Y017740D01*
X016437Y017771D01*
X016417Y017805D01*
X016400Y017840D01*
X016387Y017877D01*
X016377Y017915D01*
X016371Y017954D01*
X016369Y017993D01*
X035669Y017993D02*
X035671Y018032D01*
X035677Y018071D01*
X035687Y018109D01*
X035700Y018146D01*
X035717Y018181D01*
X035737Y018215D01*
X035761Y018246D01*
X035788Y018275D01*
X035817Y018301D01*
X035849Y018324D01*
X035883Y018344D01*
X035919Y018360D01*
X035956Y018372D01*
X035995Y018381D01*
X036034Y018386D01*
X036073Y018387D01*
X036112Y018384D01*
X036151Y018377D01*
X036188Y018366D01*
X036225Y018352D01*
X036260Y018334D01*
X036293Y018313D01*
X036324Y018288D01*
X036352Y018261D01*
X036377Y018231D01*
X036399Y018198D01*
X036418Y018164D01*
X036433Y018128D01*
X036445Y018090D01*
X036453Y018052D01*
X036457Y018013D01*
X036457Y017973D01*
X036453Y017934D01*
X036445Y017896D01*
X036433Y017858D01*
X036418Y017822D01*
X036399Y017788D01*
X036377Y017755D01*
X036352Y017725D01*
X036324Y017698D01*
X036293Y017673D01*
X036260Y017652D01*
X036225Y017634D01*
X036188Y017620D01*
X036151Y017609D01*
X036112Y017602D01*
X036073Y017599D01*
X036034Y017600D01*
X035995Y017605D01*
X035956Y017614D01*
X035919Y017626D01*
X035883Y017642D01*
X035849Y017662D01*
X035817Y017685D01*
X035788Y017711D01*
X035761Y017740D01*
X035737Y017771D01*
X035717Y017805D01*
X035700Y017840D01*
X035687Y017877D01*
X035677Y017915D01*
X035671Y017954D01*
X035669Y017993D01*
X038269Y014963D02*
X038271Y015002D01*
X038277Y015041D01*
X038287Y015079D01*
X038300Y015116D01*
X038317Y015151D01*
X038337Y015185D01*
X038361Y015216D01*
X038388Y015245D01*
X038417Y015271D01*
X038449Y015294D01*
X038483Y015314D01*
X038519Y015330D01*
X038556Y015342D01*
X038595Y015351D01*
X038634Y015356D01*
X038673Y015357D01*
X038712Y015354D01*
X038751Y015347D01*
X038788Y015336D01*
X038825Y015322D01*
X038860Y015304D01*
X038893Y015283D01*
X038924Y015258D01*
X038952Y015231D01*
X038977Y015201D01*
X038999Y015168D01*
X039018Y015134D01*
X039033Y015098D01*
X039045Y015060D01*
X039053Y015022D01*
X039057Y014983D01*
X039057Y014943D01*
X039053Y014904D01*
X039045Y014866D01*
X039033Y014828D01*
X039018Y014792D01*
X038999Y014758D01*
X038977Y014725D01*
X038952Y014695D01*
X038924Y014668D01*
X038893Y014643D01*
X038860Y014622D01*
X038825Y014604D01*
X038788Y014590D01*
X038751Y014579D01*
X038712Y014572D01*
X038673Y014569D01*
X038634Y014570D01*
X038595Y014575D01*
X038556Y014584D01*
X038519Y014596D01*
X038483Y014612D01*
X038449Y014632D01*
X038417Y014655D01*
X038388Y014681D01*
X038361Y014710D01*
X038337Y014741D01*
X038317Y014775D01*
X038300Y014810D01*
X038287Y014847D01*
X038277Y014885D01*
X038271Y014924D01*
X038269Y014963D01*
X040559Y012183D02*
X040561Y012222D01*
X040567Y012261D01*
X040577Y012299D01*
X040590Y012336D01*
X040607Y012371D01*
X040627Y012405D01*
X040651Y012436D01*
X040678Y012465D01*
X040707Y012491D01*
X040739Y012514D01*
X040773Y012534D01*
X040809Y012550D01*
X040846Y012562D01*
X040885Y012571D01*
X040924Y012576D01*
X040963Y012577D01*
X041002Y012574D01*
X041041Y012567D01*
X041078Y012556D01*
X041115Y012542D01*
X041150Y012524D01*
X041183Y012503D01*
X041214Y012478D01*
X041242Y012451D01*
X041267Y012421D01*
X041289Y012388D01*
X041308Y012354D01*
X041323Y012318D01*
X041335Y012280D01*
X041343Y012242D01*
X041347Y012203D01*
X041347Y012163D01*
X041343Y012124D01*
X041335Y012086D01*
X041323Y012048D01*
X041308Y012012D01*
X041289Y011978D01*
X041267Y011945D01*
X041242Y011915D01*
X041214Y011888D01*
X041183Y011863D01*
X041150Y011842D01*
X041115Y011824D01*
X041078Y011810D01*
X041041Y011799D01*
X041002Y011792D01*
X040963Y011789D01*
X040924Y011790D01*
X040885Y011795D01*
X040846Y011804D01*
X040809Y011816D01*
X040773Y011832D01*
X040739Y011852D01*
X040707Y011875D01*
X040678Y011901D01*
X040651Y011930D01*
X040627Y011961D01*
X040607Y011995D01*
X040590Y012030D01*
X040577Y012067D01*
X040567Y012105D01*
X040561Y012144D01*
X040559Y012183D01*
X035669Y034483D02*
X035671Y034522D01*
X035677Y034561D01*
X035687Y034599D01*
X035700Y034636D01*
X035717Y034671D01*
X035737Y034705D01*
X035761Y034736D01*
X035788Y034765D01*
X035817Y034791D01*
X035849Y034814D01*
X035883Y034834D01*
X035919Y034850D01*
X035956Y034862D01*
X035995Y034871D01*
X036034Y034876D01*
X036073Y034877D01*
X036112Y034874D01*
X036151Y034867D01*
X036188Y034856D01*
X036225Y034842D01*
X036260Y034824D01*
X036293Y034803D01*
X036324Y034778D01*
X036352Y034751D01*
X036377Y034721D01*
X036399Y034688D01*
X036418Y034654D01*
X036433Y034618D01*
X036445Y034580D01*
X036453Y034542D01*
X036457Y034503D01*
X036457Y034463D01*
X036453Y034424D01*
X036445Y034386D01*
X036433Y034348D01*
X036418Y034312D01*
X036399Y034278D01*
X036377Y034245D01*
X036352Y034215D01*
X036324Y034188D01*
X036293Y034163D01*
X036260Y034142D01*
X036225Y034124D01*
X036188Y034110D01*
X036151Y034099D01*
X036112Y034092D01*
X036073Y034089D01*
X036034Y034090D01*
X035995Y034095D01*
X035956Y034104D01*
X035919Y034116D01*
X035883Y034132D01*
X035849Y034152D01*
X035817Y034175D01*
X035788Y034201D01*
X035761Y034230D01*
X035737Y034261D01*
X035717Y034295D01*
X035700Y034330D01*
X035687Y034367D01*
X035677Y034405D01*
X035671Y034444D01*
X035669Y034483D01*
X038269Y037513D02*
X038271Y037552D01*
X038277Y037591D01*
X038287Y037629D01*
X038300Y037666D01*
X038317Y037701D01*
X038337Y037735D01*
X038361Y037766D01*
X038388Y037795D01*
X038417Y037821D01*
X038449Y037844D01*
X038483Y037864D01*
X038519Y037880D01*
X038556Y037892D01*
X038595Y037901D01*
X038634Y037906D01*
X038673Y037907D01*
X038712Y037904D01*
X038751Y037897D01*
X038788Y037886D01*
X038825Y037872D01*
X038860Y037854D01*
X038893Y037833D01*
X038924Y037808D01*
X038952Y037781D01*
X038977Y037751D01*
X038999Y037718D01*
X039018Y037684D01*
X039033Y037648D01*
X039045Y037610D01*
X039053Y037572D01*
X039057Y037533D01*
X039057Y037493D01*
X039053Y037454D01*
X039045Y037416D01*
X039033Y037378D01*
X039018Y037342D01*
X038999Y037308D01*
X038977Y037275D01*
X038952Y037245D01*
X038924Y037218D01*
X038893Y037193D01*
X038860Y037172D01*
X038825Y037154D01*
X038788Y037140D01*
X038751Y037129D01*
X038712Y037122D01*
X038673Y037119D01*
X038634Y037120D01*
X038595Y037125D01*
X038556Y037134D01*
X038519Y037146D01*
X038483Y037162D01*
X038449Y037182D01*
X038417Y037205D01*
X038388Y037231D01*
X038361Y037260D01*
X038337Y037291D01*
X038317Y037325D01*
X038300Y037360D01*
X038287Y037397D01*
X038277Y037435D01*
X038271Y037474D01*
X038269Y037513D01*
X040559Y040293D02*
X040561Y040332D01*
X040567Y040371D01*
X040577Y040409D01*
X040590Y040446D01*
X040607Y040481D01*
X040627Y040515D01*
X040651Y040546D01*
X040678Y040575D01*
X040707Y040601D01*
X040739Y040624D01*
X040773Y040644D01*
X040809Y040660D01*
X040846Y040672D01*
X040885Y040681D01*
X040924Y040686D01*
X040963Y040687D01*
X041002Y040684D01*
X041041Y040677D01*
X041078Y040666D01*
X041115Y040652D01*
X041150Y040634D01*
X041183Y040613D01*
X041214Y040588D01*
X041242Y040561D01*
X041267Y040531D01*
X041289Y040498D01*
X041308Y040464D01*
X041323Y040428D01*
X041335Y040390D01*
X041343Y040352D01*
X041347Y040313D01*
X041347Y040273D01*
X041343Y040234D01*
X041335Y040196D01*
X041323Y040158D01*
X041308Y040122D01*
X041289Y040088D01*
X041267Y040055D01*
X041242Y040025D01*
X041214Y039998D01*
X041183Y039973D01*
X041150Y039952D01*
X041115Y039934D01*
X041078Y039920D01*
X041041Y039909D01*
X041002Y039902D01*
X040963Y039899D01*
X040924Y039900D01*
X040885Y039905D01*
X040846Y039914D01*
X040809Y039926D01*
X040773Y039942D01*
X040739Y039962D01*
X040707Y039985D01*
X040678Y040011D01*
X040651Y040040D01*
X040627Y040071D01*
X040607Y040105D01*
X040590Y040140D01*
X040577Y040177D01*
X040567Y040215D01*
X040561Y040254D01*
X040559Y040293D01*
X016369Y034493D02*
X016371Y034532D01*
X016377Y034571D01*
X016387Y034609D01*
X016400Y034646D01*
X016417Y034681D01*
X016437Y034715D01*
X016461Y034746D01*
X016488Y034775D01*
X016517Y034801D01*
X016549Y034824D01*
X016583Y034844D01*
X016619Y034860D01*
X016656Y034872D01*
X016695Y034881D01*
X016734Y034886D01*
X016773Y034887D01*
X016812Y034884D01*
X016851Y034877D01*
X016888Y034866D01*
X016925Y034852D01*
X016960Y034834D01*
X016993Y034813D01*
X017024Y034788D01*
X017052Y034761D01*
X017077Y034731D01*
X017099Y034698D01*
X017118Y034664D01*
X017133Y034628D01*
X017145Y034590D01*
X017153Y034552D01*
X017157Y034513D01*
X017157Y034473D01*
X017153Y034434D01*
X017145Y034396D01*
X017133Y034358D01*
X017118Y034322D01*
X017099Y034288D01*
X017077Y034255D01*
X017052Y034225D01*
X017024Y034198D01*
X016993Y034173D01*
X016960Y034152D01*
X016925Y034134D01*
X016888Y034120D01*
X016851Y034109D01*
X016812Y034102D01*
X016773Y034099D01*
X016734Y034100D01*
X016695Y034105D01*
X016656Y034114D01*
X016619Y034126D01*
X016583Y034142D01*
X016549Y034162D01*
X016517Y034185D01*
X016488Y034211D01*
X016461Y034240D01*
X016437Y034271D01*
X016417Y034305D01*
X016400Y034340D01*
X016387Y034377D01*
X016377Y034415D01*
X016371Y034454D01*
X016369Y034493D01*
X013769Y037523D02*
X013771Y037562D01*
X013777Y037601D01*
X013787Y037639D01*
X013800Y037676D01*
X013817Y037711D01*
X013837Y037745D01*
X013861Y037776D01*
X013888Y037805D01*
X013917Y037831D01*
X013949Y037854D01*
X013983Y037874D01*
X014019Y037890D01*
X014056Y037902D01*
X014095Y037911D01*
X014134Y037916D01*
X014173Y037917D01*
X014212Y037914D01*
X014251Y037907D01*
X014288Y037896D01*
X014325Y037882D01*
X014360Y037864D01*
X014393Y037843D01*
X014424Y037818D01*
X014452Y037791D01*
X014477Y037761D01*
X014499Y037728D01*
X014518Y037694D01*
X014533Y037658D01*
X014545Y037620D01*
X014553Y037582D01*
X014557Y037543D01*
X014557Y037503D01*
X014553Y037464D01*
X014545Y037426D01*
X014533Y037388D01*
X014518Y037352D01*
X014499Y037318D01*
X014477Y037285D01*
X014452Y037255D01*
X014424Y037228D01*
X014393Y037203D01*
X014360Y037182D01*
X014325Y037164D01*
X014288Y037150D01*
X014251Y037139D01*
X014212Y037132D01*
X014173Y037129D01*
X014134Y037130D01*
X014095Y037135D01*
X014056Y037144D01*
X014019Y037156D01*
X013983Y037172D01*
X013949Y037192D01*
X013917Y037215D01*
X013888Y037241D01*
X013861Y037270D01*
X013837Y037301D01*
X013817Y037335D01*
X013800Y037370D01*
X013787Y037407D01*
X013777Y037445D01*
X013771Y037484D01*
X013769Y037523D01*
X011479Y040303D02*
X011481Y040342D01*
X011487Y040381D01*
X011497Y040419D01*
X011510Y040456D01*
X011527Y040491D01*
X011547Y040525D01*
X011571Y040556D01*
X011598Y040585D01*
X011627Y040611D01*
X011659Y040634D01*
X011693Y040654D01*
X011729Y040670D01*
X011766Y040682D01*
X011805Y040691D01*
X011844Y040696D01*
X011883Y040697D01*
X011922Y040694D01*
X011961Y040687D01*
X011998Y040676D01*
X012035Y040662D01*
X012070Y040644D01*
X012103Y040623D01*
X012134Y040598D01*
X012162Y040571D01*
X012187Y040541D01*
X012209Y040508D01*
X012228Y040474D01*
X012243Y040438D01*
X012255Y040400D01*
X012263Y040362D01*
X012267Y040323D01*
X012267Y040283D01*
X012263Y040244D01*
X012255Y040206D01*
X012243Y040168D01*
X012228Y040132D01*
X012209Y040098D01*
X012187Y040065D01*
X012162Y040035D01*
X012134Y040008D01*
X012103Y039983D01*
X012070Y039962D01*
X012035Y039944D01*
X011998Y039930D01*
X011961Y039919D01*
X011922Y039912D01*
X011883Y039909D01*
X011844Y039910D01*
X011805Y039915D01*
X011766Y039924D01*
X011729Y039936D01*
X011693Y039952D01*
X011659Y039972D01*
X011627Y039995D01*
X011598Y040021D01*
X011571Y040050D01*
X011547Y040081D01*
X011527Y040115D01*
X011510Y040150D01*
X011497Y040187D01*
X011487Y040225D01*
X011481Y040264D01*
X011479Y040303D01*
M02*
