G75*
%MOIN*%
%OFA0B0*%
%FSLAX24Y24*%
%IPPOS*%
%LPD*%
%AMOC8*
5,1,8,0,0,1.08239X$1,22.5*
%
%ADD10C,0.0000*%
%ADD11C,0.0051*%
%ADD12C,0.0060*%
%ADD13C,0.0001*%
D10*
X002204Y000126D02*
X002204Y015874D01*
X006141Y015874D01*
X006141Y013315D01*
X014015Y013315D01*
X004370Y013905D02*
X004372Y013952D01*
X004378Y013998D01*
X004388Y014044D01*
X004401Y014089D01*
X004419Y014132D01*
X004440Y014174D01*
X004464Y014214D01*
X004492Y014251D01*
X004523Y014286D01*
X004557Y014319D01*
X004593Y014348D01*
X004632Y014374D01*
X004673Y014397D01*
X004716Y014416D01*
X004760Y014432D01*
X004805Y014444D01*
X004851Y014452D01*
X004898Y014456D01*
X004944Y014456D01*
X004991Y014452D01*
X005037Y014444D01*
X005082Y014432D01*
X005126Y014416D01*
X005169Y014397D01*
X005210Y014374D01*
X005249Y014348D01*
X005285Y014319D01*
X005319Y014286D01*
X005350Y014251D01*
X005378Y014214D01*
X005402Y014174D01*
X005423Y014132D01*
X005441Y014089D01*
X005454Y014044D01*
X005464Y013998D01*
X005470Y013952D01*
X005472Y013905D01*
X005470Y013858D01*
X005464Y013812D01*
X005454Y013766D01*
X005441Y013721D01*
X005423Y013678D01*
X005402Y013636D01*
X005378Y013596D01*
X005350Y013559D01*
X005319Y013524D01*
X005285Y013491D01*
X005249Y013462D01*
X005210Y013436D01*
X005169Y013413D01*
X005126Y013394D01*
X005082Y013378D01*
X005037Y013366D01*
X004991Y013358D01*
X004944Y013354D01*
X004898Y013354D01*
X004851Y013358D01*
X004805Y013366D01*
X004760Y013378D01*
X004716Y013394D01*
X004673Y013413D01*
X004632Y013436D01*
X004593Y013462D01*
X004557Y013491D01*
X004523Y013524D01*
X004492Y013559D01*
X004464Y013596D01*
X004440Y013636D01*
X004419Y013678D01*
X004401Y013721D01*
X004388Y013766D01*
X004378Y013812D01*
X004372Y013858D01*
X004370Y013905D01*
X013739Y007803D02*
X013741Y007836D01*
X013747Y007868D01*
X013756Y007899D01*
X013769Y007929D01*
X013786Y007957D01*
X013806Y007983D01*
X013829Y008007D01*
X013854Y008027D01*
X013882Y008045D01*
X013911Y008059D01*
X013942Y008069D01*
X013974Y008076D01*
X014007Y008079D01*
X014040Y008078D01*
X014072Y008073D01*
X014103Y008064D01*
X014134Y008052D01*
X014162Y008036D01*
X014189Y008017D01*
X014213Y007995D01*
X014234Y007970D01*
X014253Y007943D01*
X014268Y007914D01*
X014279Y007884D01*
X014287Y007852D01*
X014291Y007819D01*
X014291Y007787D01*
X014287Y007754D01*
X014279Y007722D01*
X014268Y007692D01*
X014253Y007663D01*
X014234Y007636D01*
X014213Y007611D01*
X014189Y007589D01*
X014162Y007570D01*
X014134Y007554D01*
X014103Y007542D01*
X014072Y007533D01*
X014040Y007528D01*
X014007Y007527D01*
X013974Y007530D01*
X013942Y007537D01*
X013911Y007547D01*
X013882Y007561D01*
X013854Y007579D01*
X013829Y007599D01*
X013806Y007623D01*
X013786Y007649D01*
X013769Y007677D01*
X013756Y007707D01*
X013747Y007738D01*
X013741Y007770D01*
X013739Y007803D01*
X013739Y004259D02*
X013741Y004292D01*
X013747Y004324D01*
X013756Y004355D01*
X013769Y004385D01*
X013786Y004413D01*
X013806Y004439D01*
X013829Y004463D01*
X013854Y004483D01*
X013882Y004501D01*
X013911Y004515D01*
X013942Y004525D01*
X013974Y004532D01*
X014007Y004535D01*
X014040Y004534D01*
X014072Y004529D01*
X014103Y004520D01*
X014134Y004508D01*
X014162Y004492D01*
X014189Y004473D01*
X014213Y004451D01*
X014234Y004426D01*
X014253Y004399D01*
X014268Y004370D01*
X014279Y004340D01*
X014287Y004308D01*
X014291Y004275D01*
X014291Y004243D01*
X014287Y004210D01*
X014279Y004178D01*
X014268Y004148D01*
X014253Y004119D01*
X014234Y004092D01*
X014213Y004067D01*
X014189Y004045D01*
X014162Y004026D01*
X014134Y004010D01*
X014103Y003998D01*
X014072Y003989D01*
X014040Y003984D01*
X014007Y003983D01*
X013974Y003986D01*
X013942Y003993D01*
X013911Y004003D01*
X013882Y004017D01*
X013854Y004035D01*
X013829Y004055D01*
X013806Y004079D01*
X013786Y004105D01*
X013769Y004133D01*
X013756Y004163D01*
X013747Y004194D01*
X013741Y004226D01*
X013739Y004259D01*
X002204Y000126D02*
X100630Y000126D01*
X100630Y015874D01*
X096693Y015874D01*
X096693Y013315D01*
X088819Y013315D01*
X097362Y013905D02*
X097364Y013952D01*
X097370Y013998D01*
X097380Y014044D01*
X097393Y014089D01*
X097411Y014132D01*
X097432Y014174D01*
X097456Y014214D01*
X097484Y014251D01*
X097515Y014286D01*
X097549Y014319D01*
X097585Y014348D01*
X097624Y014374D01*
X097665Y014397D01*
X097708Y014416D01*
X097752Y014432D01*
X097797Y014444D01*
X097843Y014452D01*
X097890Y014456D01*
X097936Y014456D01*
X097983Y014452D01*
X098029Y014444D01*
X098074Y014432D01*
X098118Y014416D01*
X098161Y014397D01*
X098202Y014374D01*
X098241Y014348D01*
X098277Y014319D01*
X098311Y014286D01*
X098342Y014251D01*
X098370Y014214D01*
X098394Y014174D01*
X098415Y014132D01*
X098433Y014089D01*
X098446Y014044D01*
X098456Y013998D01*
X098462Y013952D01*
X098464Y013905D01*
X098462Y013858D01*
X098456Y013812D01*
X098446Y013766D01*
X098433Y013721D01*
X098415Y013678D01*
X098394Y013636D01*
X098370Y013596D01*
X098342Y013559D01*
X098311Y013524D01*
X098277Y013491D01*
X098241Y013462D01*
X098202Y013436D01*
X098161Y013413D01*
X098118Y013394D01*
X098074Y013378D01*
X098029Y013366D01*
X097983Y013358D01*
X097936Y013354D01*
X097890Y013354D01*
X097843Y013358D01*
X097797Y013366D01*
X097752Y013378D01*
X097708Y013394D01*
X097665Y013413D01*
X097624Y013436D01*
X097585Y013462D01*
X097549Y013491D01*
X097515Y013524D01*
X097484Y013559D01*
X097456Y013596D01*
X097432Y013636D01*
X097411Y013678D01*
X097393Y013721D01*
X097380Y013766D01*
X097370Y013812D01*
X097364Y013858D01*
X097362Y013905D01*
X088543Y007803D02*
X088545Y007836D01*
X088551Y007868D01*
X088560Y007899D01*
X088573Y007929D01*
X088590Y007957D01*
X088610Y007983D01*
X088633Y008007D01*
X088658Y008027D01*
X088686Y008045D01*
X088715Y008059D01*
X088746Y008069D01*
X088778Y008076D01*
X088811Y008079D01*
X088844Y008078D01*
X088876Y008073D01*
X088907Y008064D01*
X088938Y008052D01*
X088966Y008036D01*
X088993Y008017D01*
X089017Y007995D01*
X089038Y007970D01*
X089057Y007943D01*
X089072Y007914D01*
X089083Y007884D01*
X089091Y007852D01*
X089095Y007819D01*
X089095Y007787D01*
X089091Y007754D01*
X089083Y007722D01*
X089072Y007692D01*
X089057Y007663D01*
X089038Y007636D01*
X089017Y007611D01*
X088993Y007589D01*
X088966Y007570D01*
X088938Y007554D01*
X088907Y007542D01*
X088876Y007533D01*
X088844Y007528D01*
X088811Y007527D01*
X088778Y007530D01*
X088746Y007537D01*
X088715Y007547D01*
X088686Y007561D01*
X088658Y007579D01*
X088633Y007599D01*
X088610Y007623D01*
X088590Y007649D01*
X088573Y007677D01*
X088560Y007707D01*
X088551Y007738D01*
X088545Y007770D01*
X088543Y007803D01*
X088543Y004259D02*
X088545Y004292D01*
X088551Y004324D01*
X088560Y004355D01*
X088573Y004385D01*
X088590Y004413D01*
X088610Y004439D01*
X088633Y004463D01*
X088658Y004483D01*
X088686Y004501D01*
X088715Y004515D01*
X088746Y004525D01*
X088778Y004532D01*
X088811Y004535D01*
X088844Y004534D01*
X088876Y004529D01*
X088907Y004520D01*
X088938Y004508D01*
X088966Y004492D01*
X088993Y004473D01*
X089017Y004451D01*
X089038Y004426D01*
X089057Y004399D01*
X089072Y004370D01*
X089083Y004340D01*
X089091Y004308D01*
X089095Y004275D01*
X089095Y004243D01*
X089091Y004210D01*
X089083Y004178D01*
X089072Y004148D01*
X089057Y004119D01*
X089038Y004092D01*
X089017Y004067D01*
X088993Y004045D01*
X088966Y004026D01*
X088938Y004010D01*
X088907Y003998D01*
X088876Y003989D01*
X088844Y003984D01*
X088811Y003983D01*
X088778Y003986D01*
X088746Y003993D01*
X088715Y004003D01*
X088686Y004017D01*
X088658Y004035D01*
X088633Y004055D01*
X088610Y004079D01*
X088590Y004105D01*
X088573Y004133D01*
X088560Y004163D01*
X088551Y004194D01*
X088545Y004226D01*
X088543Y004259D01*
X070826Y005834D02*
X070828Y005867D01*
X070834Y005899D01*
X070843Y005930D01*
X070856Y005960D01*
X070873Y005988D01*
X070893Y006014D01*
X070916Y006038D01*
X070941Y006058D01*
X070969Y006076D01*
X070998Y006090D01*
X071029Y006100D01*
X071061Y006107D01*
X071094Y006110D01*
X071127Y006109D01*
X071159Y006104D01*
X071190Y006095D01*
X071221Y006083D01*
X071249Y006067D01*
X071276Y006048D01*
X071300Y006026D01*
X071321Y006001D01*
X071340Y005974D01*
X071355Y005945D01*
X071366Y005915D01*
X071374Y005883D01*
X071378Y005850D01*
X071378Y005818D01*
X071374Y005785D01*
X071366Y005753D01*
X071355Y005723D01*
X071340Y005694D01*
X071321Y005667D01*
X071300Y005642D01*
X071276Y005620D01*
X071249Y005601D01*
X071221Y005585D01*
X071190Y005573D01*
X071159Y005564D01*
X071127Y005559D01*
X071094Y005558D01*
X071061Y005561D01*
X071029Y005568D01*
X070998Y005578D01*
X070969Y005592D01*
X070941Y005610D01*
X070916Y005630D01*
X070893Y005654D01*
X070873Y005680D01*
X070856Y005708D01*
X070843Y005738D01*
X070834Y005769D01*
X070828Y005801D01*
X070826Y005834D01*
X070826Y002291D02*
X070828Y002324D01*
X070834Y002356D01*
X070843Y002387D01*
X070856Y002417D01*
X070873Y002445D01*
X070893Y002471D01*
X070916Y002495D01*
X070941Y002515D01*
X070969Y002533D01*
X070998Y002547D01*
X071029Y002557D01*
X071061Y002564D01*
X071094Y002567D01*
X071127Y002566D01*
X071159Y002561D01*
X071190Y002552D01*
X071221Y002540D01*
X071249Y002524D01*
X071276Y002505D01*
X071300Y002483D01*
X071321Y002458D01*
X071340Y002431D01*
X071355Y002402D01*
X071366Y002372D01*
X071374Y002340D01*
X071378Y002307D01*
X071378Y002275D01*
X071374Y002242D01*
X071366Y002210D01*
X071355Y002180D01*
X071340Y002151D01*
X071321Y002124D01*
X071300Y002099D01*
X071276Y002077D01*
X071249Y002058D01*
X071221Y002042D01*
X071190Y002030D01*
X071159Y002021D01*
X071127Y002016D01*
X071094Y002015D01*
X071061Y002018D01*
X071029Y002025D01*
X070998Y002035D01*
X070969Y002049D01*
X070941Y002067D01*
X070916Y002087D01*
X070893Y002111D01*
X070873Y002137D01*
X070856Y002165D01*
X070843Y002195D01*
X070834Y002226D01*
X070828Y002258D01*
X070826Y002291D01*
X060984Y002291D02*
X060986Y002324D01*
X060992Y002356D01*
X061001Y002387D01*
X061014Y002417D01*
X061031Y002445D01*
X061051Y002471D01*
X061074Y002495D01*
X061099Y002515D01*
X061127Y002533D01*
X061156Y002547D01*
X061187Y002557D01*
X061219Y002564D01*
X061252Y002567D01*
X061285Y002566D01*
X061317Y002561D01*
X061348Y002552D01*
X061379Y002540D01*
X061407Y002524D01*
X061434Y002505D01*
X061458Y002483D01*
X061479Y002458D01*
X061498Y002431D01*
X061513Y002402D01*
X061524Y002372D01*
X061532Y002340D01*
X061536Y002307D01*
X061536Y002275D01*
X061532Y002242D01*
X061524Y002210D01*
X061513Y002180D01*
X061498Y002151D01*
X061479Y002124D01*
X061458Y002099D01*
X061434Y002077D01*
X061407Y002058D01*
X061379Y002042D01*
X061348Y002030D01*
X061317Y002021D01*
X061285Y002016D01*
X061252Y002015D01*
X061219Y002018D01*
X061187Y002025D01*
X061156Y002035D01*
X061127Y002049D01*
X061099Y002067D01*
X061074Y002087D01*
X061051Y002111D01*
X061031Y002137D01*
X061014Y002165D01*
X061001Y002195D01*
X060992Y002226D01*
X060986Y002258D01*
X060984Y002291D01*
X060984Y005834D02*
X060986Y005867D01*
X060992Y005899D01*
X061001Y005930D01*
X061014Y005960D01*
X061031Y005988D01*
X061051Y006014D01*
X061074Y006038D01*
X061099Y006058D01*
X061127Y006076D01*
X061156Y006090D01*
X061187Y006100D01*
X061219Y006107D01*
X061252Y006110D01*
X061285Y006109D01*
X061317Y006104D01*
X061348Y006095D01*
X061379Y006083D01*
X061407Y006067D01*
X061434Y006048D01*
X061458Y006026D01*
X061479Y006001D01*
X061498Y005974D01*
X061513Y005945D01*
X061524Y005915D01*
X061532Y005883D01*
X061536Y005850D01*
X061536Y005818D01*
X061532Y005785D01*
X061524Y005753D01*
X061513Y005723D01*
X061498Y005694D01*
X061479Y005667D01*
X061458Y005642D01*
X061434Y005620D01*
X061407Y005601D01*
X061379Y005585D01*
X061348Y005573D01*
X061317Y005564D01*
X061285Y005559D01*
X061252Y005558D01*
X061219Y005561D01*
X061187Y005568D01*
X061156Y005578D01*
X061127Y005592D01*
X061099Y005610D01*
X061074Y005630D01*
X061051Y005654D01*
X061031Y005680D01*
X061014Y005708D01*
X061001Y005738D01*
X060992Y005769D01*
X060986Y005801D01*
X060984Y005834D01*
X043267Y005834D02*
X043269Y005867D01*
X043275Y005899D01*
X043284Y005930D01*
X043297Y005960D01*
X043314Y005988D01*
X043334Y006014D01*
X043357Y006038D01*
X043382Y006058D01*
X043410Y006076D01*
X043439Y006090D01*
X043470Y006100D01*
X043502Y006107D01*
X043535Y006110D01*
X043568Y006109D01*
X043600Y006104D01*
X043631Y006095D01*
X043662Y006083D01*
X043690Y006067D01*
X043717Y006048D01*
X043741Y006026D01*
X043762Y006001D01*
X043781Y005974D01*
X043796Y005945D01*
X043807Y005915D01*
X043815Y005883D01*
X043819Y005850D01*
X043819Y005818D01*
X043815Y005785D01*
X043807Y005753D01*
X043796Y005723D01*
X043781Y005694D01*
X043762Y005667D01*
X043741Y005642D01*
X043717Y005620D01*
X043690Y005601D01*
X043662Y005585D01*
X043631Y005573D01*
X043600Y005564D01*
X043568Y005559D01*
X043535Y005558D01*
X043502Y005561D01*
X043470Y005568D01*
X043439Y005578D01*
X043410Y005592D01*
X043382Y005610D01*
X043357Y005630D01*
X043334Y005654D01*
X043314Y005680D01*
X043297Y005708D01*
X043284Y005738D01*
X043275Y005769D01*
X043269Y005801D01*
X043267Y005834D01*
X043267Y002291D02*
X043269Y002324D01*
X043275Y002356D01*
X043284Y002387D01*
X043297Y002417D01*
X043314Y002445D01*
X043334Y002471D01*
X043357Y002495D01*
X043382Y002515D01*
X043410Y002533D01*
X043439Y002547D01*
X043470Y002557D01*
X043502Y002564D01*
X043535Y002567D01*
X043568Y002566D01*
X043600Y002561D01*
X043631Y002552D01*
X043662Y002540D01*
X043690Y002524D01*
X043717Y002505D01*
X043741Y002483D01*
X043762Y002458D01*
X043781Y002431D01*
X043796Y002402D01*
X043807Y002372D01*
X043815Y002340D01*
X043819Y002307D01*
X043819Y002275D01*
X043815Y002242D01*
X043807Y002210D01*
X043796Y002180D01*
X043781Y002151D01*
X043762Y002124D01*
X043741Y002099D01*
X043717Y002077D01*
X043690Y002058D01*
X043662Y002042D01*
X043631Y002030D01*
X043600Y002021D01*
X043568Y002016D01*
X043535Y002015D01*
X043502Y002018D01*
X043470Y002025D01*
X043439Y002035D01*
X043410Y002049D01*
X043382Y002067D01*
X043357Y002087D01*
X043334Y002111D01*
X043314Y002137D01*
X043297Y002165D01*
X043284Y002195D01*
X043275Y002226D01*
X043269Y002258D01*
X043267Y002291D01*
X031456Y002291D02*
X031458Y002324D01*
X031464Y002356D01*
X031473Y002387D01*
X031486Y002417D01*
X031503Y002445D01*
X031523Y002471D01*
X031546Y002495D01*
X031571Y002515D01*
X031599Y002533D01*
X031628Y002547D01*
X031659Y002557D01*
X031691Y002564D01*
X031724Y002567D01*
X031757Y002566D01*
X031789Y002561D01*
X031820Y002552D01*
X031851Y002540D01*
X031879Y002524D01*
X031906Y002505D01*
X031930Y002483D01*
X031951Y002458D01*
X031970Y002431D01*
X031985Y002402D01*
X031996Y002372D01*
X032004Y002340D01*
X032008Y002307D01*
X032008Y002275D01*
X032004Y002242D01*
X031996Y002210D01*
X031985Y002180D01*
X031970Y002151D01*
X031951Y002124D01*
X031930Y002099D01*
X031906Y002077D01*
X031879Y002058D01*
X031851Y002042D01*
X031820Y002030D01*
X031789Y002021D01*
X031757Y002016D01*
X031724Y002015D01*
X031691Y002018D01*
X031659Y002025D01*
X031628Y002035D01*
X031599Y002049D01*
X031571Y002067D01*
X031546Y002087D01*
X031523Y002111D01*
X031503Y002137D01*
X031486Y002165D01*
X031473Y002195D01*
X031464Y002226D01*
X031458Y002258D01*
X031456Y002291D01*
X031456Y005834D02*
X031458Y005867D01*
X031464Y005899D01*
X031473Y005930D01*
X031486Y005960D01*
X031503Y005988D01*
X031523Y006014D01*
X031546Y006038D01*
X031571Y006058D01*
X031599Y006076D01*
X031628Y006090D01*
X031659Y006100D01*
X031691Y006107D01*
X031724Y006110D01*
X031757Y006109D01*
X031789Y006104D01*
X031820Y006095D01*
X031851Y006083D01*
X031879Y006067D01*
X031906Y006048D01*
X031930Y006026D01*
X031951Y006001D01*
X031970Y005974D01*
X031985Y005945D01*
X031996Y005915D01*
X032004Y005883D01*
X032008Y005850D01*
X032008Y005818D01*
X032004Y005785D01*
X031996Y005753D01*
X031985Y005723D01*
X031970Y005694D01*
X031951Y005667D01*
X031930Y005642D01*
X031906Y005620D01*
X031879Y005601D01*
X031851Y005585D01*
X031820Y005573D01*
X031789Y005564D01*
X031757Y005559D01*
X031724Y005558D01*
X031691Y005561D01*
X031659Y005568D01*
X031628Y005578D01*
X031599Y005592D01*
X031571Y005610D01*
X031546Y005630D01*
X031523Y005654D01*
X031503Y005680D01*
X031486Y005708D01*
X031473Y005738D01*
X031464Y005769D01*
X031458Y005801D01*
X031456Y005834D01*
X022559Y013905D02*
X022561Y013952D01*
X022567Y013998D01*
X022577Y014044D01*
X022590Y014089D01*
X022608Y014132D01*
X022629Y014174D01*
X022653Y014214D01*
X022681Y014251D01*
X022712Y014286D01*
X022746Y014319D01*
X022782Y014348D01*
X022821Y014374D01*
X022862Y014397D01*
X022905Y014416D01*
X022949Y014432D01*
X022994Y014444D01*
X023040Y014452D01*
X023087Y014456D01*
X023133Y014456D01*
X023180Y014452D01*
X023226Y014444D01*
X023271Y014432D01*
X023315Y014416D01*
X023358Y014397D01*
X023399Y014374D01*
X023438Y014348D01*
X023474Y014319D01*
X023508Y014286D01*
X023539Y014251D01*
X023567Y014214D01*
X023591Y014174D01*
X023612Y014132D01*
X023630Y014089D01*
X023643Y014044D01*
X023653Y013998D01*
X023659Y013952D01*
X023661Y013905D01*
X023659Y013858D01*
X023653Y013812D01*
X023643Y013766D01*
X023630Y013721D01*
X023612Y013678D01*
X023591Y013636D01*
X023567Y013596D01*
X023539Y013559D01*
X023508Y013524D01*
X023474Y013491D01*
X023438Y013462D01*
X023399Y013436D01*
X023358Y013413D01*
X023315Y013394D01*
X023271Y013378D01*
X023226Y013366D01*
X023180Y013358D01*
X023133Y013354D01*
X023087Y013354D01*
X023040Y013358D01*
X022994Y013366D01*
X022949Y013378D01*
X022905Y013394D01*
X022862Y013413D01*
X022821Y013436D01*
X022782Y013462D01*
X022746Y013491D01*
X022712Y013524D01*
X022681Y013559D01*
X022653Y013596D01*
X022629Y013636D01*
X022608Y013678D01*
X022590Y013721D01*
X022577Y013766D01*
X022567Y013812D01*
X022561Y013858D01*
X022559Y013905D01*
X006141Y029653D02*
X002204Y029653D01*
X002204Y045401D01*
X100630Y045401D01*
X100630Y029653D01*
X096693Y029653D01*
X096693Y032212D01*
X088819Y032212D01*
X097362Y031622D02*
X097364Y031669D01*
X097370Y031715D01*
X097380Y031761D01*
X097393Y031806D01*
X097411Y031849D01*
X097432Y031891D01*
X097456Y031931D01*
X097484Y031968D01*
X097515Y032003D01*
X097549Y032036D01*
X097585Y032065D01*
X097624Y032091D01*
X097665Y032114D01*
X097708Y032133D01*
X097752Y032149D01*
X097797Y032161D01*
X097843Y032169D01*
X097890Y032173D01*
X097936Y032173D01*
X097983Y032169D01*
X098029Y032161D01*
X098074Y032149D01*
X098118Y032133D01*
X098161Y032114D01*
X098202Y032091D01*
X098241Y032065D01*
X098277Y032036D01*
X098311Y032003D01*
X098342Y031968D01*
X098370Y031931D01*
X098394Y031891D01*
X098415Y031849D01*
X098433Y031806D01*
X098446Y031761D01*
X098456Y031715D01*
X098462Y031669D01*
X098464Y031622D01*
X098462Y031575D01*
X098456Y031529D01*
X098446Y031483D01*
X098433Y031438D01*
X098415Y031395D01*
X098394Y031353D01*
X098370Y031313D01*
X098342Y031276D01*
X098311Y031241D01*
X098277Y031208D01*
X098241Y031179D01*
X098202Y031153D01*
X098161Y031130D01*
X098118Y031111D01*
X098074Y031095D01*
X098029Y031083D01*
X097983Y031075D01*
X097936Y031071D01*
X097890Y031071D01*
X097843Y031075D01*
X097797Y031083D01*
X097752Y031095D01*
X097708Y031111D01*
X097665Y031130D01*
X097624Y031153D01*
X097585Y031179D01*
X097549Y031208D01*
X097515Y031241D01*
X097484Y031276D01*
X097456Y031313D01*
X097432Y031353D01*
X097411Y031395D01*
X097393Y031438D01*
X097380Y031483D01*
X097370Y031529D01*
X097364Y031575D01*
X097362Y031622D01*
X088543Y037724D02*
X088545Y037757D01*
X088551Y037789D01*
X088560Y037820D01*
X088573Y037850D01*
X088590Y037878D01*
X088610Y037904D01*
X088633Y037928D01*
X088658Y037948D01*
X088686Y037966D01*
X088715Y037980D01*
X088746Y037990D01*
X088778Y037997D01*
X088811Y038000D01*
X088844Y037999D01*
X088876Y037994D01*
X088907Y037985D01*
X088938Y037973D01*
X088966Y037957D01*
X088993Y037938D01*
X089017Y037916D01*
X089038Y037891D01*
X089057Y037864D01*
X089072Y037835D01*
X089083Y037805D01*
X089091Y037773D01*
X089095Y037740D01*
X089095Y037708D01*
X089091Y037675D01*
X089083Y037643D01*
X089072Y037613D01*
X089057Y037584D01*
X089038Y037557D01*
X089017Y037532D01*
X088993Y037510D01*
X088966Y037491D01*
X088938Y037475D01*
X088907Y037463D01*
X088876Y037454D01*
X088844Y037449D01*
X088811Y037448D01*
X088778Y037451D01*
X088746Y037458D01*
X088715Y037468D01*
X088686Y037482D01*
X088658Y037500D01*
X088633Y037520D01*
X088610Y037544D01*
X088590Y037570D01*
X088573Y037598D01*
X088560Y037628D01*
X088551Y037659D01*
X088545Y037691D01*
X088543Y037724D01*
X088543Y041267D02*
X088545Y041300D01*
X088551Y041332D01*
X088560Y041363D01*
X088573Y041393D01*
X088590Y041421D01*
X088610Y041447D01*
X088633Y041471D01*
X088658Y041491D01*
X088686Y041509D01*
X088715Y041523D01*
X088746Y041533D01*
X088778Y041540D01*
X088811Y041543D01*
X088844Y041542D01*
X088876Y041537D01*
X088907Y041528D01*
X088938Y041516D01*
X088966Y041500D01*
X088993Y041481D01*
X089017Y041459D01*
X089038Y041434D01*
X089057Y041407D01*
X089072Y041378D01*
X089083Y041348D01*
X089091Y041316D01*
X089095Y041283D01*
X089095Y041251D01*
X089091Y041218D01*
X089083Y041186D01*
X089072Y041156D01*
X089057Y041127D01*
X089038Y041100D01*
X089017Y041075D01*
X088993Y041053D01*
X088966Y041034D01*
X088938Y041018D01*
X088907Y041006D01*
X088876Y040997D01*
X088844Y040992D01*
X088811Y040991D01*
X088778Y040994D01*
X088746Y041001D01*
X088715Y041011D01*
X088686Y041025D01*
X088658Y041043D01*
X088633Y041063D01*
X088610Y041087D01*
X088590Y041113D01*
X088573Y041141D01*
X088560Y041171D01*
X088551Y041202D01*
X088545Y041234D01*
X088543Y041267D01*
X079173Y031622D02*
X079175Y031669D01*
X079181Y031715D01*
X079191Y031761D01*
X079204Y031806D01*
X079222Y031849D01*
X079243Y031891D01*
X079267Y031931D01*
X079295Y031968D01*
X079326Y032003D01*
X079360Y032036D01*
X079396Y032065D01*
X079435Y032091D01*
X079476Y032114D01*
X079519Y032133D01*
X079563Y032149D01*
X079608Y032161D01*
X079654Y032169D01*
X079701Y032173D01*
X079747Y032173D01*
X079794Y032169D01*
X079840Y032161D01*
X079885Y032149D01*
X079929Y032133D01*
X079972Y032114D01*
X080013Y032091D01*
X080052Y032065D01*
X080088Y032036D01*
X080122Y032003D01*
X080153Y031968D01*
X080181Y031931D01*
X080205Y031891D01*
X080226Y031849D01*
X080244Y031806D01*
X080257Y031761D01*
X080267Y031715D01*
X080273Y031669D01*
X080275Y031622D01*
X080273Y031575D01*
X080267Y031529D01*
X080257Y031483D01*
X080244Y031438D01*
X080226Y031395D01*
X080205Y031353D01*
X080181Y031313D01*
X080153Y031276D01*
X080122Y031241D01*
X080088Y031208D01*
X080052Y031179D01*
X080013Y031153D01*
X079972Y031130D01*
X079929Y031111D01*
X079885Y031095D01*
X079840Y031083D01*
X079794Y031075D01*
X079747Y031071D01*
X079701Y031071D01*
X079654Y031075D01*
X079608Y031083D01*
X079563Y031095D01*
X079519Y031111D01*
X079476Y031130D01*
X079435Y031153D01*
X079396Y031179D01*
X079360Y031208D01*
X079326Y031241D01*
X079295Y031276D01*
X079267Y031313D01*
X079243Y031353D01*
X079222Y031395D01*
X079204Y031438D01*
X079191Y031483D01*
X079181Y031529D01*
X079175Y031575D01*
X079173Y031622D01*
X079173Y013905D02*
X079175Y013952D01*
X079181Y013998D01*
X079191Y014044D01*
X079204Y014089D01*
X079222Y014132D01*
X079243Y014174D01*
X079267Y014214D01*
X079295Y014251D01*
X079326Y014286D01*
X079360Y014319D01*
X079396Y014348D01*
X079435Y014374D01*
X079476Y014397D01*
X079519Y014416D01*
X079563Y014432D01*
X079608Y014444D01*
X079654Y014452D01*
X079701Y014456D01*
X079747Y014456D01*
X079794Y014452D01*
X079840Y014444D01*
X079885Y014432D01*
X079929Y014416D01*
X079972Y014397D01*
X080013Y014374D01*
X080052Y014348D01*
X080088Y014319D01*
X080122Y014286D01*
X080153Y014251D01*
X080181Y014214D01*
X080205Y014174D01*
X080226Y014132D01*
X080244Y014089D01*
X080257Y014044D01*
X080267Y013998D01*
X080273Y013952D01*
X080275Y013905D01*
X080273Y013858D01*
X080267Y013812D01*
X080257Y013766D01*
X080244Y013721D01*
X080226Y013678D01*
X080205Y013636D01*
X080181Y013596D01*
X080153Y013559D01*
X080122Y013524D01*
X080088Y013491D01*
X080052Y013462D01*
X080013Y013436D01*
X079972Y013413D01*
X079929Y013394D01*
X079885Y013378D01*
X079840Y013366D01*
X079794Y013358D01*
X079747Y013354D01*
X079701Y013354D01*
X079654Y013358D01*
X079608Y013366D01*
X079563Y013378D01*
X079519Y013394D01*
X079476Y013413D01*
X079435Y013436D01*
X079396Y013462D01*
X079360Y013491D01*
X079326Y013524D01*
X079295Y013559D01*
X079267Y013596D01*
X079243Y013636D01*
X079222Y013678D01*
X079204Y013721D01*
X079191Y013766D01*
X079181Y013812D01*
X079175Y013858D01*
X079173Y013905D01*
X022559Y031622D02*
X022561Y031669D01*
X022567Y031715D01*
X022577Y031761D01*
X022590Y031806D01*
X022608Y031849D01*
X022629Y031891D01*
X022653Y031931D01*
X022681Y031968D01*
X022712Y032003D01*
X022746Y032036D01*
X022782Y032065D01*
X022821Y032091D01*
X022862Y032114D01*
X022905Y032133D01*
X022949Y032149D01*
X022994Y032161D01*
X023040Y032169D01*
X023087Y032173D01*
X023133Y032173D01*
X023180Y032169D01*
X023226Y032161D01*
X023271Y032149D01*
X023315Y032133D01*
X023358Y032114D01*
X023399Y032091D01*
X023438Y032065D01*
X023474Y032036D01*
X023508Y032003D01*
X023539Y031968D01*
X023567Y031931D01*
X023591Y031891D01*
X023612Y031849D01*
X023630Y031806D01*
X023643Y031761D01*
X023653Y031715D01*
X023659Y031669D01*
X023661Y031622D01*
X023659Y031575D01*
X023653Y031529D01*
X023643Y031483D01*
X023630Y031438D01*
X023612Y031395D01*
X023591Y031353D01*
X023567Y031313D01*
X023539Y031276D01*
X023508Y031241D01*
X023474Y031208D01*
X023438Y031179D01*
X023399Y031153D01*
X023358Y031130D01*
X023315Y031111D01*
X023271Y031095D01*
X023226Y031083D01*
X023180Y031075D01*
X023133Y031071D01*
X023087Y031071D01*
X023040Y031075D01*
X022994Y031083D01*
X022949Y031095D01*
X022905Y031111D01*
X022862Y031130D01*
X022821Y031153D01*
X022782Y031179D01*
X022746Y031208D01*
X022712Y031241D01*
X022681Y031276D01*
X022653Y031313D01*
X022629Y031353D01*
X022608Y031395D01*
X022590Y031438D01*
X022577Y031483D01*
X022567Y031529D01*
X022561Y031575D01*
X022559Y031622D01*
X014015Y032212D02*
X006141Y032212D01*
X006141Y029653D01*
X004370Y031622D02*
X004372Y031669D01*
X004378Y031715D01*
X004388Y031761D01*
X004401Y031806D01*
X004419Y031849D01*
X004440Y031891D01*
X004464Y031931D01*
X004492Y031968D01*
X004523Y032003D01*
X004557Y032036D01*
X004593Y032065D01*
X004632Y032091D01*
X004673Y032114D01*
X004716Y032133D01*
X004760Y032149D01*
X004805Y032161D01*
X004851Y032169D01*
X004898Y032173D01*
X004944Y032173D01*
X004991Y032169D01*
X005037Y032161D01*
X005082Y032149D01*
X005126Y032133D01*
X005169Y032114D01*
X005210Y032091D01*
X005249Y032065D01*
X005285Y032036D01*
X005319Y032003D01*
X005350Y031968D01*
X005378Y031931D01*
X005402Y031891D01*
X005423Y031849D01*
X005441Y031806D01*
X005454Y031761D01*
X005464Y031715D01*
X005470Y031669D01*
X005472Y031622D01*
X005470Y031575D01*
X005464Y031529D01*
X005454Y031483D01*
X005441Y031438D01*
X005423Y031395D01*
X005402Y031353D01*
X005378Y031313D01*
X005350Y031276D01*
X005319Y031241D01*
X005285Y031208D01*
X005249Y031179D01*
X005210Y031153D01*
X005169Y031130D01*
X005126Y031111D01*
X005082Y031095D01*
X005037Y031083D01*
X004991Y031075D01*
X004944Y031071D01*
X004898Y031071D01*
X004851Y031075D01*
X004805Y031083D01*
X004760Y031095D01*
X004716Y031111D01*
X004673Y031130D01*
X004632Y031153D01*
X004593Y031179D01*
X004557Y031208D01*
X004523Y031241D01*
X004492Y031276D01*
X004464Y031313D01*
X004440Y031353D01*
X004419Y031395D01*
X004401Y031438D01*
X004388Y031483D01*
X004378Y031529D01*
X004372Y031575D01*
X004370Y031622D01*
X013739Y037724D02*
X013741Y037757D01*
X013747Y037789D01*
X013756Y037820D01*
X013769Y037850D01*
X013786Y037878D01*
X013806Y037904D01*
X013829Y037928D01*
X013854Y037948D01*
X013882Y037966D01*
X013911Y037980D01*
X013942Y037990D01*
X013974Y037997D01*
X014007Y038000D01*
X014040Y037999D01*
X014072Y037994D01*
X014103Y037985D01*
X014134Y037973D01*
X014162Y037957D01*
X014189Y037938D01*
X014213Y037916D01*
X014234Y037891D01*
X014253Y037864D01*
X014268Y037835D01*
X014279Y037805D01*
X014287Y037773D01*
X014291Y037740D01*
X014291Y037708D01*
X014287Y037675D01*
X014279Y037643D01*
X014268Y037613D01*
X014253Y037584D01*
X014234Y037557D01*
X014213Y037532D01*
X014189Y037510D01*
X014162Y037491D01*
X014134Y037475D01*
X014103Y037463D01*
X014072Y037454D01*
X014040Y037449D01*
X014007Y037448D01*
X013974Y037451D01*
X013942Y037458D01*
X013911Y037468D01*
X013882Y037482D01*
X013854Y037500D01*
X013829Y037520D01*
X013806Y037544D01*
X013786Y037570D01*
X013769Y037598D01*
X013756Y037628D01*
X013747Y037659D01*
X013741Y037691D01*
X013739Y037724D01*
X013739Y041267D02*
X013741Y041300D01*
X013747Y041332D01*
X013756Y041363D01*
X013769Y041393D01*
X013786Y041421D01*
X013806Y041447D01*
X013829Y041471D01*
X013854Y041491D01*
X013882Y041509D01*
X013911Y041523D01*
X013942Y041533D01*
X013974Y041540D01*
X014007Y041543D01*
X014040Y041542D01*
X014072Y041537D01*
X014103Y041528D01*
X014134Y041516D01*
X014162Y041500D01*
X014189Y041481D01*
X014213Y041459D01*
X014234Y041434D01*
X014253Y041407D01*
X014268Y041378D01*
X014279Y041348D01*
X014287Y041316D01*
X014291Y041283D01*
X014291Y041251D01*
X014287Y041218D01*
X014279Y041186D01*
X014268Y041156D01*
X014253Y041127D01*
X014234Y041100D01*
X014213Y041075D01*
X014189Y041053D01*
X014162Y041034D01*
X014134Y041018D01*
X014103Y041006D01*
X014072Y040997D01*
X014040Y040992D01*
X014007Y040991D01*
X013974Y040994D01*
X013942Y041001D01*
X013911Y041011D01*
X013882Y041025D01*
X013854Y041043D01*
X013829Y041063D01*
X013806Y041087D01*
X013786Y041113D01*
X013769Y041141D01*
X013756Y041171D01*
X013747Y041202D01*
X013741Y041234D01*
X013739Y041267D01*
D11*
X002204Y000126D02*
X000492Y000126D01*
X001260Y000151D02*
X001362Y001149D01*
X001385Y001149D02*
X001260Y000151D01*
X001157Y001149D01*
X001134Y001149D02*
X001385Y001149D01*
X001311Y001149D02*
X001260Y000151D01*
X001208Y001149D01*
X001134Y001149D02*
X001260Y000151D01*
X001260Y045376D01*
X001362Y044378D01*
X001385Y044378D02*
X001260Y045376D01*
X001157Y044378D01*
X001134Y044378D02*
X001385Y044378D01*
X001311Y044378D02*
X001260Y045376D01*
X001208Y044378D01*
X001134Y044378D02*
X001260Y045376D01*
X000492Y045401D02*
X002539Y045401D01*
X002204Y045401D02*
X002204Y047527D01*
X002230Y046759D02*
X003228Y046657D01*
X003228Y046634D02*
X002230Y046759D01*
X003228Y046862D01*
X003228Y046885D02*
X003228Y046634D01*
X003228Y046708D02*
X002230Y046759D01*
X003228Y046811D01*
X003228Y046885D02*
X002230Y046759D01*
X100604Y046759D01*
X099606Y046657D01*
X099606Y046634D02*
X100604Y046759D01*
X099606Y046862D01*
X099606Y046885D02*
X099606Y046634D01*
X099606Y046708D02*
X100604Y046759D01*
X099606Y046811D01*
X099606Y046885D02*
X100604Y046759D01*
X100630Y047527D02*
X100630Y045401D01*
D12*
X052783Y047016D02*
X052783Y047336D01*
X052676Y047443D01*
X052569Y047336D01*
X052569Y047016D01*
X052356Y047016D02*
X052356Y047443D01*
X052463Y047443D01*
X052569Y047336D01*
X052138Y047336D02*
X052138Y047016D01*
X051925Y047016D02*
X051925Y047336D01*
X052032Y047443D01*
X052138Y047336D01*
X051925Y047336D02*
X051818Y047443D01*
X051711Y047443D01*
X051711Y047016D01*
X051494Y047122D02*
X051387Y047016D01*
X051174Y047016D01*
X051067Y047122D01*
X051494Y047549D01*
X051494Y047122D01*
X051067Y047122D02*
X051067Y047549D01*
X051174Y047656D01*
X051387Y047656D01*
X051494Y047549D01*
X050849Y047656D02*
X050422Y047656D01*
X050422Y047336D01*
X050636Y047443D01*
X050743Y047443D01*
X050849Y047336D01*
X050849Y047122D01*
X050743Y047016D01*
X050529Y047016D01*
X050422Y047122D01*
X050205Y047016D02*
X049778Y047016D01*
X050205Y047443D01*
X050205Y047549D01*
X050098Y047656D01*
X049885Y047656D01*
X049778Y047549D01*
X001003Y024166D02*
X000683Y024166D01*
X000576Y024060D01*
X000683Y023953D01*
X001003Y023953D01*
X001003Y023739D02*
X000576Y023739D01*
X000576Y023846D01*
X000683Y023953D01*
X000683Y023522D02*
X001003Y023522D01*
X001003Y023308D02*
X000683Y023308D01*
X000576Y023415D01*
X000683Y023522D01*
X000683Y023308D02*
X000576Y023201D01*
X000576Y023095D01*
X001003Y023095D01*
X000897Y022877D02*
X001003Y022770D01*
X001003Y022557D01*
X000897Y022450D01*
X000683Y022450D02*
X000576Y022664D01*
X000576Y022770D01*
X000683Y022877D01*
X000897Y022877D01*
X000683Y022450D02*
X000363Y022450D01*
X000363Y022877D01*
X001003Y022233D02*
X001003Y021806D01*
X001003Y022019D02*
X000363Y022019D01*
X000576Y021806D01*
X001003Y021588D02*
X001003Y021161D01*
X001003Y021375D02*
X000363Y021375D01*
X000576Y021161D01*
D13*
X014015Y013314D02*
X014245Y013317D01*
X014475Y013325D01*
X014705Y013339D01*
X014934Y013359D01*
X015163Y013384D01*
X015391Y013415D01*
X015618Y013451D01*
X015844Y013493D01*
X016069Y013540D01*
X016293Y013593D01*
X016516Y013651D01*
X016737Y013715D01*
X016957Y013784D01*
X017175Y013858D01*
X017390Y013937D01*
X017604Y014022D01*
X017816Y014112D01*
X018026Y014207D01*
X018233Y014308D01*
X018437Y014413D01*
X018640Y014523D01*
X018839Y014638D01*
X019035Y014758D01*
X019229Y014883D01*
X019419Y015012D01*
X019606Y015146D01*
X019790Y015284D01*
X019970Y015427D01*
X020147Y015574D01*
X020320Y015726D01*
X020490Y015881D01*
X020656Y016041D01*
X020817Y016205D01*
X020975Y016372D01*
X021129Y016544D01*
X021278Y016719D01*
X021423Y016897D01*
X021564Y017080D01*
X021700Y017265D01*
X021831Y017454D01*
X021958Y017646D01*
X022081Y017841D01*
X022198Y018039D01*
X022311Y018239D01*
X022418Y018443D01*
X022521Y018648D01*
X022619Y018857D01*
X022711Y019067D01*
X022799Y019280D01*
X022881Y019495D01*
X022958Y019712D01*
X023030Y019931D01*
X023096Y020151D01*
X023157Y020373D01*
X023212Y020596D01*
X023262Y020821D01*
X023307Y021047D01*
X023346Y021273D01*
X023379Y021501D01*
X023407Y021730D01*
X023430Y021959D01*
X023446Y022188D01*
X023458Y022418D01*
X023463Y022648D01*
X023463Y022878D01*
X023458Y023108D01*
X023446Y023338D01*
X023430Y023567D01*
X023407Y023796D01*
X023379Y024025D01*
X023346Y024253D01*
X023307Y024479D01*
X023262Y024705D01*
X023212Y024930D01*
X023157Y025153D01*
X023096Y025375D01*
X023030Y025595D01*
X022958Y025814D01*
X022881Y026031D01*
X022799Y026246D01*
X022711Y026459D01*
X022619Y026669D01*
X022521Y026878D01*
X022418Y027083D01*
X022311Y027287D01*
X022198Y027488D01*
X022081Y027685D01*
X021958Y027880D01*
X021831Y028072D01*
X021700Y028261D01*
X021564Y028446D01*
X021423Y028629D01*
X021278Y028807D01*
X021129Y028982D01*
X020975Y029154D01*
X020817Y029321D01*
X020656Y029485D01*
X020490Y029645D01*
X020320Y029800D01*
X020147Y029952D01*
X019970Y030099D01*
X019790Y030242D01*
X019606Y030380D01*
X019419Y030514D01*
X019229Y030643D01*
X019035Y030768D01*
X018839Y030888D01*
X018640Y031003D01*
X018437Y031113D01*
X018233Y031218D01*
X018026Y031319D01*
X017816Y031414D01*
X017604Y031504D01*
X017390Y031589D01*
X017175Y031668D01*
X016957Y031742D01*
X016737Y031811D01*
X016516Y031875D01*
X016293Y031933D01*
X016069Y031986D01*
X015844Y032033D01*
X015618Y032075D01*
X015391Y032111D01*
X015163Y032142D01*
X014934Y032167D01*
X014705Y032187D01*
X014475Y032201D01*
X014245Y032209D01*
X014015Y032212D01*
X088819Y032212D02*
X088589Y032209D01*
X088359Y032201D01*
X088129Y032187D01*
X087900Y032167D01*
X087671Y032142D01*
X087443Y032111D01*
X087216Y032075D01*
X086990Y032033D01*
X086765Y031986D01*
X086541Y031933D01*
X086318Y031875D01*
X086097Y031811D01*
X085877Y031742D01*
X085659Y031668D01*
X085444Y031589D01*
X085230Y031504D01*
X085018Y031414D01*
X084808Y031319D01*
X084601Y031218D01*
X084397Y031113D01*
X084194Y031003D01*
X083995Y030888D01*
X083799Y030768D01*
X083605Y030643D01*
X083415Y030514D01*
X083228Y030380D01*
X083044Y030242D01*
X082864Y030099D01*
X082687Y029952D01*
X082514Y029800D01*
X082344Y029645D01*
X082178Y029485D01*
X082017Y029321D01*
X081859Y029154D01*
X081705Y028982D01*
X081556Y028807D01*
X081411Y028629D01*
X081270Y028446D01*
X081134Y028261D01*
X081003Y028072D01*
X080876Y027880D01*
X080753Y027685D01*
X080636Y027487D01*
X080523Y027287D01*
X080416Y027083D01*
X080313Y026878D01*
X080215Y026669D01*
X080123Y026459D01*
X080035Y026246D01*
X079953Y026031D01*
X079876Y025814D01*
X079804Y025595D01*
X079738Y025375D01*
X079677Y025153D01*
X079622Y024930D01*
X079572Y024705D01*
X079527Y024479D01*
X079488Y024253D01*
X079455Y024025D01*
X079427Y023796D01*
X079404Y023567D01*
X079388Y023338D01*
X079376Y023108D01*
X079371Y022878D01*
X079371Y022648D01*
X079376Y022418D01*
X079388Y022188D01*
X079404Y021959D01*
X079427Y021730D01*
X079455Y021501D01*
X079488Y021273D01*
X079527Y021047D01*
X079572Y020821D01*
X079622Y020596D01*
X079677Y020373D01*
X079738Y020151D01*
X079804Y019931D01*
X079876Y019712D01*
X079953Y019495D01*
X080035Y019280D01*
X080123Y019067D01*
X080215Y018857D01*
X080313Y018648D01*
X080416Y018443D01*
X080523Y018239D01*
X080636Y018038D01*
X080753Y017841D01*
X080876Y017646D01*
X081003Y017454D01*
X081134Y017265D01*
X081270Y017080D01*
X081411Y016897D01*
X081556Y016719D01*
X081705Y016544D01*
X081859Y016372D01*
X082017Y016205D01*
X082178Y016041D01*
X082344Y015881D01*
X082514Y015726D01*
X082687Y015574D01*
X082864Y015427D01*
X083044Y015284D01*
X083228Y015146D01*
X083415Y015012D01*
X083605Y014883D01*
X083799Y014758D01*
X083995Y014638D01*
X084194Y014523D01*
X084397Y014413D01*
X084601Y014308D01*
X084808Y014207D01*
X085018Y014112D01*
X085230Y014022D01*
X085444Y013937D01*
X085659Y013858D01*
X085877Y013784D01*
X086097Y013715D01*
X086318Y013651D01*
X086541Y013593D01*
X086765Y013540D01*
X086990Y013493D01*
X087216Y013451D01*
X087443Y013415D01*
X087671Y013384D01*
X087900Y013359D01*
X088129Y013339D01*
X088359Y013325D01*
X088589Y013317D01*
X088819Y013314D01*
M02*
